{"name": "test_logout", "status": "failed", "statusDetails": {"message": "AssertionError: assert False is True\n +  where False = <bound method LoginPage.verify_page_is_displayed of <pageobjects.credentials.LoginPage.LoginPage object at 0x000001F33E9266A0>>()\n +    where <bound method LoginPage.verify_page_is_displayed of <pageobjects.credentials.LoginPage.LoginPage object at 0x000001F33E9266A0>> = <pageobjects.credentials.LoginPage.LoginPage object at 0x000001F33E9266A0>.verify_page_is_displayed\n +      where <pageobjects.credentials.LoginPage.LoginPage object at 0x000001F33E9266A0> = <dummyfails.test_dummy_fail.TestLogout object at 0x000001F33E9038B0>.login_page", "trace": "self = <dummyfails.test_dummy_fail.TestLogout object at 0x000001F33E9038B0>\n\n    @pytest.mark.fail\n    def test_logout(self):\n        self.login_page.go_to_index()\n        self.login_page.login(\"standard_user\", \"secret_sauce\")\n    \n>       assert self.login_page.verify_page_is_displayed() is True\nE       assert False is True\nE        +  where False = <bound method LoginPage.verify_page_is_displayed of <pageobjects.credentials.LoginPage.LoginPage object at 0x000001F33E9266A0>>()\nE        +    where <bound method LoginPage.verify_page_is_displayed of <pageobjects.credentials.LoginPage.LoginPage object at 0x000001F33E9266A0>> = <pageobjects.credentials.LoginPage.LoginPage object at 0x000001F33E9266A0>.verify_page_is_displayed\nE        +      where <pageobjects.credentials.LoginPage.LoginPage object at 0x000001F33E9266A0> = <dummyfails.test_dummy_fail.TestLogout object at 0x000001F33E9038B0>.login_page\n\ntests\\dummyfails\\test_dummy_fail.py:16: AssertionError"}, "steps": [{"name": "Going to index", "status": "passed", "start": 1631334403858, "stop": 1631334404485}, {"name": "Login into the app with username: 'standard_user' and password: 'secret_sauce'", "status": "passed", "parameters": [{"name": "username", "value": "'standard_user'"}, {"name": "password", "value": "'secret_sauce'"}], "start": 1631334404485, "stop": 1631334404756}, {"name": "Verifying the login page is displayed", "status": "passed", "start": 1631334404756, "stop": 1631334409826}], "attachments": [{"name": "log", "source": "2446963b-6712-4124-a609-e0af354b5d60-attachment.txt", "type": "text/plain"}], "start": 1631334403858, "stop": 1631334409827, "uuid": "90164e18-321f-4f24-a5cb-d947ffc0ae67", "historyId": "2992608fb6e5c1b1ffc330f552899d45", "testCaseId": "dceeaaf2b62e8dbe8195776a28216ddd", "fullName": "tests.dummyfails.test_dummy_fail.TestLogout#test_logout", "labels": [{"name": "tag", "value": "fail"}, {"name": "parentSuite", "value": "tests.dummyfails"}, {"name": "suite", "value": "test_dummy_fail"}, {"name": "subSuite", "value": "TestLogout"}, {"name": "host", "value": "hanna"}, {"name": "thread", "value": "2640-MainThread"}, {"name": "framework", "value": "pytest"}, {"name": "language", "value": "cpython3"}, {"name": "package", "value": "tests.dummyfails.test_dummy_fail"}]}